<?xml version="1.0" encoding="UTF-8"?>
<!-- Generated by org.testng.reporters.JUnitXMLReporter -->
<testsuite ignored="0" hostname="DESKTOP-DS81VAM" failures="0" tests="4" name="Default test" time="3.913" errors="0" timestamp="2025-06-09T23:54:37 IST">
  <testcase classname="com.APITest.HTTPRequest" name="getUser" time="2.184"/>
  <testcase classname="com.APITest.HTTPRequest" name="createUser" time="0.801"/>
  <testcase classname="com.APITest.HTTPRequest" name="updateUser" time="0.508"/>
  <testcase classname="com.APITest.HTTPRequest" name="deleteUser" time="0.377"/>
</testsuite> <!-- Default test -->
