<?xml version="1.0" encoding="UTF-8"?>
<testng-results ignored="0" total="4" passed="4" failed="0" skipped="0">
  <reporter-output>
  </reporter-output>
  <suite started-at="2025-06-09T23:54:33 IST" name="Default suite" finished-at="2025-06-09T23:54:37 IST" duration-ms="3913">
    <groups>
    </groups>
    <test started-at="2025-06-09T23:54:33 IST" name="Default test" finished-at="2025-06-09T23:54:37 IST" duration-ms="3913">
      <class name="com.APITest.HTTPRequest">
        <test-method signature="getUser()[pri:0, instance:com.APITest.HTTPRequest@222545dc]" started-at="2025-06-09T23:54:33 IST" name="getUser" finished-at="2025-06-09T23:54:35 IST" duration-ms="2184" status="PASS">
          <reporter-output>
          </reporter-output>
        </test-method> <!-- getUser -->
        <test-method signature="createUser()[pri:1, instance:com.APITest.HTTPRequest@222545dc]" started-at="2025-06-09T23:54:35 IST" name="createUser" finished-at="2025-06-09T23:54:36 IST" duration-ms="801" status="PASS">
          <reporter-output>
          </reporter-output>
        </test-method> <!-- createUser -->
        <test-method signature="updateUser()[pri:2, instance:com.APITest.HTTPRequest@222545dc]" started-at="2025-06-09T23:54:36 IST" name="updateUser" finished-at="2025-06-09T23:54:36 IST" depends-on-methods="com.APITest.HTTPRequest.createUser" duration-ms="508" status="PASS">
          <reporter-output>
          </reporter-output>
        </test-method> <!-- updateUser -->
        <test-method signature="deleteUser()[pri:3, instance:com.APITest.HTTPRequest@222545dc]" started-at="2025-06-09T23:54:36 IST" name="deleteUser" finished-at="2025-06-09T23:54:37 IST" duration-ms="377" status="PASS">
          <reporter-output>
          </reporter-output>
        </test-method> <!-- deleteUser -->
      </class> <!-- com.APITest.HTTPRequest -->
    </test> <!-- Default test -->
  </suite> <!-- Default suite -->
</testng-results>
